2025-06-02 10:58:07,137 - INFO - 成功加载 5800 个特征样本
2025-06-02 10:58:07,138 - INFO - 特征维度: 657
2025-06-02 10:58:07,139 - INFO - 特征分组统计:
2025-06-02 10:58:07,139 - INFO -   time_domain: 63 个特征
2025-06-02 10:58:07,139 - INFO -   mfcc: 360 个特征
2025-06-02 10:58:07,139 - INFO -   spectral: 126 个特征
2025-06-02 10:58:07,139 - INFO -   chroma: 108 个特征
2025-06-02 10:58:07,139 - INFO -   contrast: 0 个特征
2025-06-02 10:58:07,139 - INFO - 特征数据加载完成
2025-06-02 10:58:07,140 - INFO - 数据划分: 训练集 4057, 测试集 1743
2025-06-02 10:58:07,140 - INFO - 开始构建单特征字典...
2025-06-02 10:58:07,140 - INFO - 构建 time_domain 特征字典...
2025-06-02 10:58:07,153 - INFO - 为类别 Blue（蓝鲸） 选择模板...
2025-06-02 10:58:08,811 - INFO -   选择了 100 个模板
2025-06-02 10:58:08,811 - INFO - 为类别 Bowhead（弓头鲸） 选择模板...
2025-06-02 10:58:08,833 - INFO -   选择了 100 个模板
2025-06-02 10:58:08,833 - INFO - 为类别 Fin(长须鲸) 选择模板...
2025-06-02 10:58:08,856 - INFO -   选择了 100 个模板
2025-06-02 10:58:08,857 - INFO - 为类别 Humpback（座头鲸） 选择模板...
2025-06-02 10:58:08,881 - INFO -   选择了 100 个模板
2025-06-02 10:58:08,881 - INFO - 为类别 Killer（虎鲸） 选择模板...
2025-06-02 10:58:08,900 - INFO -   选择了 100 个模板
2025-06-02 10:58:08,900 - INFO - 为类别 Sperm（抹香鲸） 选择模板...
2025-06-02 10:58:08,926 - INFO -   选择了 100 个模板
2025-06-02 10:58:09,004 - INFO - 构建 mfcc 特征字典...
2025-06-02 10:58:09,053 - INFO - 为类别 Blue（蓝鲸） 选择模板...
2025-06-02 10:58:09,146 - INFO -   选择了 100 个模板
2025-06-02 10:58:09,146 - INFO - 为类别 Bowhead（弓头鲸） 选择模板...
2025-06-02 10:58:09,237 - INFO -   选择了 100 个模板
2025-06-02 10:58:09,237 - INFO - 为类别 Fin(长须鲸) 选择模板...
2025-06-02 10:58:09,336 - INFO -   选择了 100 个模板
2025-06-02 10:58:09,336 - INFO - 为类别 Humpback（座头鲸） 选择模板...
2025-06-02 10:58:09,451 - INFO -   选择了 100 个模板
2025-06-02 10:58:09,451 - INFO - 为类别 Killer（虎鲸） 选择模板...
2025-06-02 10:58:09,522 - INFO -   选择了 100 个模板
2025-06-02 10:58:09,523 - INFO - 为类别 Sperm（抹香鲸） 选择模板...
2025-06-02 10:58:09,641 - INFO -   选择了 100 个模板
2025-06-02 10:58:09,711 - INFO - 构建 spectral 特征字典...
2025-06-02 10:58:09,780 - INFO - 为类别 Blue（蓝鲸） 选择模板...
2025-06-02 10:58:09,804 - INFO -   选择了 100 个模板
2025-06-02 10:58:09,804 - INFO - 为类别 Bowhead（弓头鲸） 选择模板...
2025-06-02 10:58:09,833 - INFO -   选择了 100 个模板
2025-06-02 10:58:09,833 - INFO - 为类别 Fin(长须鲸) 选择模板...
2025-06-02 10:58:09,862 - INFO -   选择了 100 个模板
2025-06-02 10:58:09,862 - INFO - 为类别 Humpback（座头鲸） 选择模板...
2025-06-02 10:58:09,902 - INFO -   选择了 100 个模板
2025-06-02 10:58:09,902 - INFO - 为类别 Killer（虎鲸） 选择模板...
2025-06-02 10:58:09,930 - INFO -   选择了 100 个模板
2025-06-02 10:58:09,930 - INFO - 为类别 Sperm（抹香鲸） 选择模板...
2025-06-02 10:58:09,972 - INFO -   选择了 100 个模板
2025-06-02 10:58:10,044 - INFO - 构建 chroma 特征字典...
2025-06-02 10:58:10,071 - INFO - 为类别 Blue（蓝鲸） 选择模板...
2025-06-02 10:58:10,097 - INFO -   选择了 100 个模板
2025-06-02 10:58:10,097 - INFO - 为类别 Bowhead（弓头鲸） 选择模板...
2025-06-02 10:58:10,128 - INFO -   选择了 100 个模板
2025-06-02 10:58:10,128 - INFO - 为类别 Fin(长须鲸) 选择模板...
2025-06-02 10:58:10,160 - INFO -   选择了 100 个模板
2025-06-02 10:58:10,160 - INFO - 为类别 Humpback（座头鲸） 选择模板...
2025-06-02 10:58:10,191 - INFO -   选择了 100 个模板
2025-06-02 10:58:10,191 - INFO - 为类别 Killer（虎鲸） 选择模板...
2025-06-02 10:58:10,216 - INFO -   选择了 100 个模板
2025-06-02 10:58:10,216 - INFO - 为类别 Sperm（抹香鲸） 选择模板...
2025-06-02 10:58:10,255 - INFO -   选择了 100 个模板
2025-06-02 10:58:10,325 - INFO - 单特征字典构建完成
2025-06-02 10:58:10,326 - INFO - 开始构建多特征融合字典...
2025-06-02 10:58:10,326 - INFO - 构建加权融合字典...
2025-06-02 10:58:10,423 - INFO - 为类别 Blue（蓝鲸） 选择模板...
2025-06-02 10:58:10,428 - INFO -   选择了 100 个模板
2025-06-02 10:58:10,428 - INFO - 为类别 Bowhead（弓头鲸） 选择模板...
2025-06-02 10:58:10,432 - INFO -   选择了 100 个模板
2025-06-02 10:58:10,432 - INFO - 为类别 Fin(长须鲸) 选择模板...
2025-06-02 10:58:10,436 - INFO -   选择了 100 个模板
2025-06-02 10:58:10,436 - INFO - 为类别 Humpback（座头鲸） 选择模板...
2025-06-02 10:58:10,440 - INFO -   选择了 100 个模板
2025-06-02 10:58:10,440 - INFO - 为类别 Killer（虎鲸） 选择模板...
2025-06-02 10:58:10,443 - INFO -   选择了 100 个模板
2025-06-02 10:58:10,443 - INFO - 为类别 Sperm（抹香鲸） 选择模板...
2025-06-02 10:58:10,449 - INFO -   选择了 100 个模板
2025-06-02 10:58:10,523 - INFO - 构建PCA降维字典...
2025-06-02 10:58:10,714 - INFO - 为类别 Blue（蓝鲸） 选择模板...
2025-06-02 10:58:10,754 - INFO -   选择了 100 个模板
2025-06-02 10:58:10,754 - INFO - 为类别 Bowhead（弓头鲸） 选择模板...
2025-06-02 10:58:10,782 - INFO -   选择了 100 个模板
2025-06-02 10:58:10,782 - INFO - 为类别 Fin(长须鲸) 选择模板...
2025-06-02 10:58:10,825 - INFO -   选择了 100 个模板
2025-06-02 10:58:10,825 - INFO - 为类别 Humpback（座头鲸） 选择模板...
2025-06-02 10:58:10,871 - INFO -   选择了 100 个模板
2025-06-02 10:58:10,871 - INFO - 为类别 Killer（虎鲸） 选择模板...
2025-06-02 10:58:10,898 - INFO -   选择了 100 个模板
2025-06-02 10:58:10,898 - INFO - 为类别 Sperm（抹香鲸） 选择模板...
2025-06-02 10:58:10,963 - INFO -   选择了 100 个模板
2025-06-02 10:58:11,037 - INFO - 构建LDA优化字典...
2025-06-02 10:58:11,266 - INFO - 为类别 Blue（蓝鲸） 选择模板...
2025-06-02 10:58:11,266 - INFO -   选择了 100 个模板
2025-06-02 10:58:11,266 - INFO - 为类别 Bowhead（弓头鲸） 选择模板...
2025-06-02 10:58:11,267 - INFO -   选择了 100 个模板
2025-06-02 10:58:11,267 - INFO - 为类别 Fin(长须鲸) 选择模板...
2025-06-02 10:58:11,267 - INFO -   选择了 100 个模板
2025-06-02 10:58:11,267 - INFO - 为类别 Humpback（座头鲸） 选择模板...
2025-06-02 10:58:11,267 - INFO -   选择了 100 个模板
2025-06-02 10:58:11,267 - INFO - 为类别 Killer（虎鲸） 选择模板...
2025-06-02 10:58:11,268 - INFO -   选择了 100 个模板
2025-06-02 10:58:11,268 - INFO - 为类别 Sperm（抹香鲸） 选择模板...
2025-06-02 10:58:11,268 - INFO -   选择了 100 个模板
2025-06-02 10:58:11,330 - INFO - 多特征融合字典构建完成
2025-06-02 10:58:11,330 - INFO - 保存互相关字典...
2025-06-02 10:58:11,352 - INFO - 字典保存完成
2025-06-02 10:58:11,352 - INFO - 生成字典可视化图表...
2025-06-02 10:58:12,125 - INFO - 字典可视化图保存到: correlation_dictionaries\dictionary_visualization.png
2025-06-02 11:27:19,359 - INFO - 成功加载 5800 个特征样本
2025-06-02 11:27:19,360 - INFO - 特征维度: 657
2025-06-02 11:27:19,361 - INFO - 特征分组统计:
2025-06-02 11:27:19,361 - INFO -   time_domain: 63 个特征
2025-06-02 11:27:19,361 - INFO -   mfcc: 360 个特征
2025-06-02 11:27:19,361 - INFO -   spectral: 126 个特征
2025-06-02 11:27:19,361 - INFO -   chroma: 108 个特征
2025-06-02 11:27:19,361 - INFO -   contrast: 0 个特征
2025-06-02 11:27:19,361 - INFO - 特征数据加载完成
2025-06-02 11:27:19,364 - INFO - 数据划分: 训练集 4057, 测试集 1743
2025-06-02 11:27:19,364 - INFO - 开始构建单特征字典...
2025-06-02 11:27:19,364 - INFO - 构建 time_domain 特征字典...
2025-06-02 11:27:19,379 - INFO - 为类别 Blue（蓝鲸） 选择模板...
2025-06-02 11:27:20,872 - INFO -   选择了 100 个模板
2025-06-02 11:27:20,872 - INFO - 为类别 Bowhead（弓头鲸） 选择模板...
2025-06-02 11:27:20,892 - INFO -   选择了 100 个模板
2025-06-02 11:27:20,892 - INFO - 为类别 Fin(长须鲸) 选择模板...
2025-06-02 11:27:20,915 - INFO -   选择了 100 个模板
2025-06-02 11:27:20,915 - INFO - 为类别 Humpback（座头鲸） 选择模板...
2025-06-02 11:27:20,941 - INFO -   选择了 100 个模板
2025-06-02 11:27:20,941 - INFO - 为类别 Killer（虎鲸） 选择模板...
2025-06-02 11:27:20,960 - INFO -   选择了 100 个模板
2025-06-02 11:27:20,960 - INFO - 为类别 Sperm（抹香鲸） 选择模板...
2025-06-02 11:27:20,986 - INFO -   选择了 100 个模板
2025-06-02 11:27:21,060 - INFO - 构建 mfcc 特征字典...
2025-06-02 11:27:21,115 - INFO - 为类别 Blue（蓝鲸） 选择模板...
2025-06-02 11:27:21,194 - INFO -   选择了 100 个模板
2025-06-02 11:27:21,194 - INFO - 为类别 Bowhead（弓头鲸） 选择模板...
2025-06-02 11:27:21,280 - INFO -   选择了 100 个模板
2025-06-02 11:27:21,281 - INFO - 为类别 Fin(长须鲸) 选择模板...
2025-06-02 11:27:21,375 - INFO -   选择了 100 个模板
2025-06-02 11:27:21,375 - INFO - 为类别 Humpback（座头鲸） 选择模板...
2025-06-02 11:27:21,501 - INFO -   选择了 100 个模板
2025-06-02 11:27:21,501 - INFO - 为类别 Killer（虎鲸） 选择模板...
2025-06-02 11:27:21,591 - INFO -   选择了 100 个模板
2025-06-02 11:27:21,591 - INFO - 为类别 Sperm（抹香鲸） 选择模板...
2025-06-02 11:27:21,732 - INFO -   选择了 100 个模板
2025-06-02 11:27:21,810 - INFO - 构建 spectral 特征字典...
2025-06-02 11:27:21,886 - INFO - 为类别 Blue（蓝鲸） 选择模板...
2025-06-02 11:27:21,911 - INFO -   选择了 100 个模板
2025-06-02 11:27:21,911 - INFO - 为类别 Bowhead（弓头鲸） 选择模板...
2025-06-02 11:27:21,938 - INFO -   选择了 100 个模板
2025-06-02 11:27:21,938 - INFO - 为类别 Fin(长须鲸) 选择模板...
2025-06-02 11:27:21,967 - INFO -   选择了 100 个模板
2025-06-02 11:27:21,967 - INFO - 为类别 Humpback（座头鲸） 选择模板...
2025-06-02 11:27:22,008 - INFO -   选择了 100 个模板
2025-06-02 11:27:22,008 - INFO - 为类别 Killer（虎鲸） 选择模板...
2025-06-02 11:27:22,034 - INFO -   选择了 100 个模板
2025-06-02 11:27:22,035 - INFO - 为类别 Sperm（抹香鲸） 选择模板...
2025-06-02 11:27:22,078 - INFO -   选择了 100 个模板
2025-06-02 11:27:22,146 - INFO - 构建 chroma 特征字典...
2025-06-02 11:27:22,170 - INFO - 为类别 Blue（蓝鲸） 选择模板...
2025-06-02 11:27:22,201 - INFO -   选择了 100 个模板
2025-06-02 11:27:22,201 - INFO - 为类别 Bowhead（弓头鲸） 选择模板...
2025-06-02 11:27:22,230 - INFO -   选择了 100 个模板
2025-06-02 11:27:22,230 - INFO - 为类别 Fin(长须鲸) 选择模板...
2025-06-02 11:27:22,259 - INFO -   选择了 100 个模板
2025-06-02 11:27:22,259 - INFO - 为类别 Humpback（座头鲸） 选择模板...
2025-06-02 11:27:22,289 - INFO -   选择了 100 个模板
2025-06-02 11:27:22,289 - INFO - 为类别 Killer（虎鲸） 选择模板...
2025-06-02 11:27:22,309 - INFO -   选择了 100 个模板
2025-06-02 11:27:22,309 - INFO - 为类别 Sperm（抹香鲸） 选择模板...
2025-06-02 11:27:22,352 - INFO -   选择了 100 个模板
2025-06-02 11:27:22,417 - INFO - 单特征字典构建完成
2025-06-02 11:27:22,418 - INFO - 开始构建多特征融合字典...
2025-06-02 11:27:22,418 - INFO - 构建加权融合字典...
2025-06-02 11:27:22,516 - INFO - 为类别 Blue（蓝鲸） 选择模板...
2025-06-02 11:27:22,519 - INFO -   选择了 100 个模板
2025-06-02 11:27:22,519 - INFO - 为类别 Bowhead（弓头鲸） 选择模板...
2025-06-02 11:27:22,524 - INFO -   选择了 100 个模板
2025-06-02 11:27:22,524 - INFO - 为类别 Fin(长须鲸) 选择模板...
2025-06-02 11:27:22,529 - INFO -   选择了 100 个模板
2025-06-02 11:27:22,529 - INFO - 为类别 Humpback（座头鲸） 选择模板...
2025-06-02 11:27:22,534 - INFO -   选择了 100 个模板
2025-06-02 11:27:22,535 - INFO - 为类别 Killer（虎鲸） 选择模板...
2025-06-02 11:27:22,538 - INFO -   选择了 100 个模板
2025-06-02 11:27:22,539 - INFO - 为类别 Sperm（抹香鲸） 选择模板...
2025-06-02 11:27:22,545 - INFO -   选择了 100 个模板
2025-06-02 11:27:22,626 - INFO - 构建PCA降维字典...
2025-06-02 11:27:22,838 - INFO - 为类别 Blue（蓝鲸） 选择模板...
2025-06-02 11:27:22,879 - INFO -   选择了 100 个模板
2025-06-02 11:27:22,879 - INFO - 为类别 Bowhead（弓头鲸） 选择模板...
2025-06-02 11:27:22,916 - INFO -   选择了 100 个模板
2025-06-02 11:27:22,916 - INFO - 为类别 Fin(长须鲸) 选择模板...
2025-06-02 11:27:22,958 - INFO -   选择了 100 个模板
2025-06-02 11:27:22,958 - INFO - 为类别 Humpback（座头鲸） 选择模板...
2025-06-02 11:27:23,004 - INFO -   选择了 100 个模板
2025-06-02 11:27:23,004 - INFO - 为类别 Killer（虎鲸） 选择模板...
2025-06-02 11:27:23,033 - INFO -   选择了 100 个模板
2025-06-02 11:27:23,033 - INFO - 为类别 Sperm（抹香鲸） 选择模板...
2025-06-02 11:27:23,100 - INFO -   选择了 100 个模板
2025-06-02 11:27:23,178 - INFO - 构建LDA优化字典...
2025-06-02 11:27:23,408 - INFO - 为类别 Blue（蓝鲸） 选择模板...
2025-06-02 11:27:23,408 - INFO -   选择了 100 个模板
2025-06-02 11:27:23,408 - INFO - 为类别 Bowhead（弓头鲸） 选择模板...
2025-06-02 11:27:23,409 - INFO -   选择了 100 个模板
2025-06-02 11:27:23,409 - INFO - 为类别 Fin(长须鲸) 选择模板...
2025-06-02 11:27:23,409 - INFO -   选择了 100 个模板
2025-06-02 11:27:23,409 - INFO - 为类别 Humpback（座头鲸） 选择模板...
2025-06-02 11:27:23,411 - INFO -   选择了 100 个模板
2025-06-02 11:27:23,411 - INFO - 为类别 Killer（虎鲸） 选择模板...
2025-06-02 11:27:23,411 - INFO -   选择了 100 个模板
2025-06-02 11:27:23,411 - INFO - 为类别 Sperm（抹香鲸） 选择模板...
2025-06-02 11:27:23,411 - INFO -   选择了 100 个模板
2025-06-02 11:27:23,473 - INFO - 多特征融合字典构建完成
2025-06-02 11:27:23,473 - INFO - 保存互相关字典...
2025-06-02 11:27:23,495 - INFO - 字典保存完成
2025-06-02 11:27:23,495 - INFO - 生成字典可视化图表...
2025-06-02 16:54:38,531 - INFO - 成功加载 5800 个特征样本
2025-06-02 16:54:38,533 - INFO - 特征维度: 657
2025-06-02 16:54:38,533 - INFO - 特征分组统计:
2025-06-02 16:54:38,533 - INFO -   time_domain: 63 个特征
2025-06-02 16:54:38,534 - INFO -   mfcc: 360 个特征
2025-06-02 16:54:38,534 - INFO -   spectral: 126 个特征
2025-06-02 16:54:38,534 - INFO -   chroma: 108 个特征
2025-06-02 16:54:38,534 - INFO -   contrast: 0 个特征
2025-06-02 16:54:38,534 - INFO - 特征数据加载完成
2025-06-02 16:54:38,535 - INFO - 数据划分: 训练集 4057, 测试集 1743
2025-06-02 16:54:38,535 - INFO - 开始构建单特征字典...
2025-06-02 16:54:38,535 - INFO - 构建 time_domain 特征字典...
2025-06-02 16:54:38,548 - INFO - 为类别 Blue（蓝鲸） 选择模板...
2025-06-02 16:54:40,141 - INFO -   选择了 100 个模板
2025-06-02 16:54:40,141 - INFO - 为类别 Bowhead（弓头鲸） 选择模板...
2025-06-02 16:54:40,160 - INFO -   选择了 100 个模板
2025-06-02 16:54:40,160 - INFO - 为类别 Fin(长须鲸) 选择模板...
2025-06-02 16:54:40,179 - INFO -   选择了 100 个模板
2025-06-02 16:54:40,179 - INFO - 为类别 Humpback（座头鲸） 选择模板...
2025-06-02 16:54:40,198 - INFO -   选择了 100 个模板
2025-06-02 16:54:40,198 - INFO - 为类别 Killer（虎鲸） 选择模板...
2025-06-02 16:54:40,215 - INFO -   选择了 100 个模板
2025-06-02 16:54:40,215 - INFO - 为类别 Sperm（抹香鲸） 选择模板...
2025-06-02 16:54:40,241 - INFO -   选择了 100 个模板
2025-06-02 16:54:40,307 - INFO - 构建 mfcc 特征字典...
2025-06-02 16:54:40,361 - INFO - 为类别 Blue（蓝鲸） 选择模板...
2025-06-02 16:54:40,434 - INFO -   选择了 100 个模板
2025-06-02 16:54:40,434 - INFO - 为类别 Bowhead（弓头鲸） 选择模板...
2025-06-02 16:54:40,512 - INFO -   选择了 100 个模板
2025-06-02 16:54:40,513 - INFO - 为类别 Fin(长须鲸) 选择模板...
2025-06-02 16:54:40,596 - INFO -   选择了 100 个模板
2025-06-02 16:54:40,596 - INFO - 为类别 Humpback（座头鲸） 选择模板...
2025-06-02 16:54:40,686 - INFO -   选择了 100 个模板
2025-06-02 16:54:40,686 - INFO - 为类别 Killer（虎鲸） 选择模板...
2025-06-02 16:54:40,747 - INFO -   选择了 100 个模板
2025-06-02 16:54:40,747 - INFO - 为类别 Sperm（抹香鲸） 选择模板...
2025-06-02 16:54:40,862 - INFO -   选择了 100 个模板
2025-06-02 16:54:40,930 - INFO - 构建 spectral 特征字典...
2025-06-02 16:54:40,991 - INFO - 为类别 Blue（蓝鲸） 选择模板...
2025-06-02 16:54:41,015 - INFO -   选择了 100 个模板
2025-06-02 16:54:41,015 - INFO - 为类别 Bowhead（弓头鲸） 选择模板...
2025-06-02 16:54:41,038 - INFO -   选择了 100 个模板
2025-06-02 16:54:41,038 - INFO - 为类别 Fin(长须鲸) 选择模板...
2025-06-02 16:54:41,068 - INFO -   选择了 100 个模板
2025-06-02 16:54:41,068 - INFO - 为类别 Humpback（座头鲸） 选择模板...
2025-06-02 16:54:41,106 - INFO -   选择了 100 个模板
2025-06-02 16:54:41,107 - INFO - 为类别 Killer（虎鲸） 选择模板...
2025-06-02 16:54:41,128 - INFO -   选择了 100 个模板
2025-06-02 16:54:41,128 - INFO - 为类别 Sperm（抹香鲸） 选择模板...
2025-06-02 16:54:41,168 - INFO -   选择了 100 个模板
2025-06-02 16:54:41,240 - INFO - 构建 chroma 特征字典...
2025-06-02 16:54:41,266 - INFO - 为类别 Blue（蓝鲸） 选择模板...
2025-06-02 16:54:41,293 - INFO -   选择了 100 个模板
2025-06-02 16:54:41,293 - INFO - 为类别 Bowhead（弓头鲸） 选择模板...
2025-06-02 16:54:41,326 - INFO -   选择了 100 个模板
2025-06-02 16:54:41,326 - INFO - 为类别 Fin(长须鲸) 选择模板...
2025-06-02 16:54:41,354 - INFO -   选择了 100 个模板
2025-06-02 16:54:41,354 - INFO - 为类别 Humpback（座头鲸） 选择模板...
2025-06-02 16:54:41,381 - INFO -   选择了 100 个模板
2025-06-02 16:54:41,381 - INFO - 为类别 Killer（虎鲸） 选择模板...
2025-06-02 16:54:41,401 - INFO -   选择了 100 个模板
2025-06-02 16:54:41,401 - INFO - 为类别 Sperm（抹香鲸） 选择模板...
2025-06-02 16:54:41,440 - INFO -   选择了 100 个模板
2025-06-02 16:54:41,520 - INFO - 单特征字典构建完成
2025-06-02 16:54:41,522 - INFO - 开始构建多特征融合字典...
2025-06-02 16:54:41,522 - INFO - 构建加权融合字典...
2025-06-02 16:54:41,612 - INFO - 为类别 Blue（蓝鲸） 选择模板...
2025-06-02 16:54:41,621 - INFO -   选择了 100 个模板
2025-06-02 16:54:41,621 - INFO - 为类别 Bowhead（弓头鲸） 选择模板...
2025-06-02 16:54:41,626 - INFO -   选择了 100 个模板
2025-06-02 16:54:41,626 - INFO - 为类别 Fin(长须鲸) 选择模板...
2025-06-02 16:54:41,630 - INFO -   选择了 100 个模板
2025-06-02 16:54:41,630 - INFO - 为类别 Humpback（座头鲸） 选择模板...
2025-06-02 16:54:41,634 - INFO -   选择了 100 个模板
2025-06-02 16:54:41,634 - INFO - 为类别 Killer（虎鲸） 选择模板...
2025-06-02 16:54:41,637 - INFO -   选择了 100 个模板
2025-06-02 16:54:41,637 - INFO - 为类别 Sperm（抹香鲸） 选择模板...
2025-06-02 16:54:41,642 - INFO -   选择了 100 个模板
2025-06-02 16:54:41,714 - INFO - 构建PCA降维字典...
2025-06-02 16:54:41,909 - INFO - 为类别 Blue（蓝鲸） 选择模板...
2025-06-02 16:54:41,942 - INFO -   选择了 100 个模板
2025-06-02 16:54:41,943 - INFO - 为类别 Bowhead（弓头鲸） 选择模板...
2025-06-02 16:54:41,965 - INFO -   选择了 100 个模板
2025-06-02 16:54:41,965 - INFO - 为类别 Fin(长须鲸) 选择模板...
2025-06-02 16:54:42,000 - INFO -   选择了 100 个模板
2025-06-02 16:54:42,001 - INFO - 为类别 Humpback（座头鲸） 选择模板...
2025-06-02 16:54:42,039 - INFO -   选择了 100 个模板
2025-06-02 16:54:42,039 - INFO - 为类别 Killer（虎鲸） 选择模板...
2025-06-02 16:54:42,060 - INFO -   选择了 100 个模板
2025-06-02 16:54:42,060 - INFO - 为类别 Sperm（抹香鲸） 选择模板...
2025-06-02 16:54:42,110 - INFO -   选择了 100 个模板
2025-06-02 16:54:42,180 - INFO - 构建LDA优化字典...
2025-06-02 16:54:42,402 - INFO - 为类别 Blue（蓝鲸） 选择模板...
2025-06-02 16:54:42,402 - INFO -   选择了 100 个模板
2025-06-02 16:54:42,402 - INFO - 为类别 Bowhead（弓头鲸） 选择模板...
2025-06-02 16:54:42,402 - INFO -   选择了 100 个模板
2025-06-02 16:54:42,402 - INFO - 为类别 Fin(长须鲸) 选择模板...
2025-06-02 16:54:42,403 - INFO -   选择了 100 个模板
2025-06-02 16:54:42,403 - INFO - 为类别 Humpback（座头鲸） 选择模板...
2025-06-02 16:54:42,403 - INFO -   选择了 100 个模板
2025-06-02 16:54:42,403 - INFO - 为类别 Killer（虎鲸） 选择模板...
2025-06-02 16:54:42,403 - INFO -   选择了 100 个模板
2025-06-02 16:54:42,403 - INFO - 为类别 Sperm（抹香鲸） 选择模板...
2025-06-02 16:54:42,404 - INFO -   选择了 100 个模板
2025-06-02 16:54:42,466 - INFO - 多特征融合字典构建完成
2025-06-02 16:54:42,466 - INFO - 保存互相关字典...
2025-06-02 16:54:42,490 - INFO - 字典保存完成
2025-06-02 16:54:42,490 - INFO - 生成字典可视化图表...
2025-06-02 16:54:43,293 - INFO - 字典可视化图保存到: correlation_dictionaries\dictionary_visualization.png
2025-06-02 17:00:55,054 - INFO - 成功加载 5800 个特征样本
2025-06-02 17:00:55,054 - INFO - 特征维度: 657
2025-06-02 17:00:55,055 - INFO - 特征分组统计:
2025-06-02 17:00:55,055 - INFO -   time_domain: 63 个特征
2025-06-02 17:00:55,055 - INFO -   mfcc: 360 个特征
2025-06-02 17:00:55,055 - INFO -   spectral: 126 个特征
2025-06-02 17:00:55,055 - INFO -   chroma: 108 个特征
2025-06-02 17:00:55,055 - INFO -   contrast: 0 个特征
2025-06-02 17:00:55,055 - INFO - 特征数据加载完成
2025-06-02 17:00:55,056 - INFO - 数据划分: 训练集 4057, 测试集 1743
2025-06-02 17:00:55,056 - INFO - 开始构建单特征字典...
2025-06-02 17:00:55,057 - INFO - 构建 time_domain 特征字典...
2025-06-02 17:00:55,068 - INFO - 为类别 Blue（蓝鲸） 选择模板...
2025-06-02 17:00:56,489 - INFO -   选择了 100 个模板
2025-06-02 17:00:56,489 - INFO - 为类别 Bowhead（弓头鲸） 选择模板...
2025-06-02 17:00:56,511 - INFO -   选择了 100 个模板
2025-06-02 17:00:56,511 - INFO - 为类别 Fin(长须鲸) 选择模板...
2025-06-02 17:00:56,529 - INFO -   选择了 100 个模板
2025-06-02 17:00:56,529 - INFO - 为类别 Humpback（座头鲸） 选择模板...
2025-06-02 17:00:56,548 - INFO -   选择了 100 个模板
2025-06-02 17:00:56,548 - INFO - 为类别 Killer（虎鲸） 选择模板...
2025-06-02 17:00:56,563 - INFO -   选择了 100 个模板
2025-06-02 17:00:56,563 - INFO - 为类别 Sperm（抹香鲸） 选择模板...
2025-06-02 17:00:56,590 - INFO -   选择了 100 个模板
2025-06-02 17:00:56,657 - INFO - 构建 mfcc 特征字典...
2025-06-02 17:00:56,712 - INFO - 为类别 Blue（蓝鲸） 选择模板...
2025-06-02 17:00:56,785 - INFO -   选择了 100 个模板
2025-06-02 17:00:56,785 - INFO - 为类别 Bowhead（弓头鲸） 选择模板...
2025-06-02 17:00:56,857 - INFO -   选择了 100 个模板
2025-06-02 17:00:56,857 - INFO - 为类别 Fin(长须鲸) 选择模板...
2025-06-02 17:00:56,940 - INFO -   选择了 100 个模板
2025-06-02 17:00:56,940 - INFO - 为类别 Humpback（座头鲸） 选择模板...
2025-06-02 17:00:57,044 - INFO -   选择了 100 个模板
2025-06-02 17:00:57,045 - INFO - 为类别 Killer（虎鲸） 选择模板...
2025-06-02 17:00:57,108 - INFO -   选择了 100 个模板
2025-06-02 17:00:57,108 - INFO - 为类别 Sperm（抹香鲸） 选择模板...
2025-06-02 17:00:57,217 - INFO -   选择了 100 个模板
2025-06-02 17:00:57,299 - INFO - 构建 spectral 特征字典...
2025-06-02 17:00:57,361 - INFO - 为类别 Blue（蓝鲸） 选择模板...
2025-06-02 17:00:57,384 - INFO -   选择了 100 个模板
2025-06-02 17:00:57,384 - INFO - 为类别 Bowhead（弓头鲸） 选择模板...
2025-06-02 17:00:57,407 - INFO -   选择了 100 个模板
2025-06-02 17:00:57,407 - INFO - 为类别 Fin(长须鲸) 选择模板...
2025-06-02 17:00:57,434 - INFO -   选择了 100 个模板
2025-06-02 17:00:57,434 - INFO - 为类别 Humpback（座头鲸） 选择模板...
2025-06-02 17:00:57,473 - INFO -   选择了 100 个模板
2025-06-02 17:00:57,473 - INFO - 为类别 Killer（虎鲸） 选择模板...
2025-06-02 17:00:57,500 - INFO -   选择了 100 个模板
2025-06-02 17:00:57,500 - INFO - 为类别 Sperm（抹香鲸） 选择模板...
2025-06-02 17:00:57,541 - INFO -   选择了 100 个模板
2025-06-02 17:00:57,610 - INFO - 构建 chroma 特征字典...
2025-06-02 17:00:57,634 - INFO - 为类别 Blue（蓝鲸） 选择模板...
2025-06-02 17:00:57,660 - INFO -   选择了 100 个模板
2025-06-02 17:00:57,660 - INFO - 为类别 Bowhead（弓头鲸） 选择模板...
2025-06-02 17:00:57,686 - INFO -   选择了 100 个模板
2025-06-02 17:00:57,686 - INFO - 为类别 Fin(长须鲸) 选择模板...
2025-06-02 17:00:57,712 - INFO -   选择了 100 个模板
2025-06-02 17:00:57,712 - INFO - 为类别 Humpback（座头鲸） 选择模板...
2025-06-02 17:00:57,738 - INFO -   选择了 100 个模板
2025-06-02 17:00:57,738 - INFO - 为类别 Killer（虎鲸） 选择模板...
2025-06-02 17:00:57,763 - INFO -   选择了 100 个模板
2025-06-02 17:00:57,763 - INFO - 为类别 Sperm（抹香鲸） 选择模板...
2025-06-02 17:00:57,800 - INFO -   选择了 100 个模板
2025-06-02 17:00:57,882 - INFO - 单特征字典构建完成
2025-06-02 17:00:57,883 - INFO - 开始构建多特征融合字典...
2025-06-02 17:00:57,883 - INFO - 构建加权融合字典...
2025-06-02 17:00:57,975 - INFO - 为类别 Blue（蓝鲸） 选择模板...
2025-06-02 17:00:57,979 - INFO -   选择了 100 个模板
2025-06-02 17:00:57,979 - INFO - 为类别 Bowhead（弓头鲸） 选择模板...
2025-06-02 17:00:57,983 - INFO -   选择了 100 个模板
2025-06-02 17:00:57,983 - INFO - 为类别 Fin(长须鲸) 选择模板...
2025-06-02 17:00:57,986 - INFO -   选择了 100 个模板
2025-06-02 17:00:57,987 - INFO - 为类别 Humpback（座头鲸） 选择模板...
2025-06-02 17:00:57,991 - INFO -   选择了 100 个模板
2025-06-02 17:00:57,991 - INFO - 为类别 Killer（虎鲸） 选择模板...
2025-06-02 17:00:57,994 - INFO -   选择了 100 个模板
2025-06-02 17:00:57,994 - INFO - 为类别 Sperm（抹香鲸） 选择模板...
2025-06-02 17:00:57,998 - INFO -   选择了 100 个模板
2025-06-02 17:00:58,069 - INFO - 构建PCA降维字典...
2025-06-02 17:00:58,272 - INFO - 为类别 Blue（蓝鲸） 选择模板...
2025-06-02 17:00:58,310 - INFO -   选择了 100 个模板
2025-06-02 17:00:58,310 - INFO - 为类别 Bowhead（弓头鲸） 选择模板...
2025-06-02 17:00:58,336 - INFO -   选择了 100 个模板
2025-06-02 17:00:58,336 - INFO - 为类别 Fin(长须鲸) 选择模板...
2025-06-02 17:00:58,370 - INFO -   选择了 100 个模板
2025-06-02 17:00:58,370 - INFO - 为类别 Humpback（座头鲸） 选择模板...
2025-06-02 17:00:58,409 - INFO -   选择了 100 个模板
2025-06-02 17:00:58,410 - INFO - 为类别 Killer（虎鲸） 选择模板...
2025-06-02 17:00:58,432 - INFO -   选择了 100 个模板
2025-06-02 17:00:58,432 - INFO - 为类别 Sperm（抹香鲸） 选择模板...
2025-06-02 17:00:58,490 - INFO -   选择了 100 个模板
2025-06-02 17:00:58,569 - INFO - 构建LDA优化字典...
2025-06-02 17:00:58,788 - INFO - 为类别 Blue（蓝鲸） 选择模板...
2025-06-02 17:00:58,789 - INFO -   选择了 100 个模板
2025-06-02 17:00:58,789 - INFO - 为类别 Bowhead（弓头鲸） 选择模板...
2025-06-02 17:00:58,789 - INFO -   选择了 100 个模板
2025-06-02 17:00:58,789 - INFO - 为类别 Fin(长须鲸) 选择模板...
2025-06-02 17:00:58,789 - INFO -   选择了 100 个模板
2025-06-02 17:00:58,789 - INFO - 为类别 Humpback（座头鲸） 选择模板...
2025-06-02 17:00:58,790 - INFO -   选择了 100 个模板
2025-06-02 17:00:58,790 - INFO - 为类别 Killer（虎鲸） 选择模板...
2025-06-02 17:00:58,790 - INFO -   选择了 100 个模板
2025-06-02 17:00:58,790 - INFO - 为类别 Sperm（抹香鲸） 选择模板...
2025-06-02 17:00:58,790 - INFO -   选择了 100 个模板
2025-06-02 17:00:58,852 - INFO - 多特征融合字典构建完成
2025-06-02 17:00:58,852 - INFO - 保存互相关字典...
2025-06-02 17:00:58,873 - INFO - 字典保存完成
2025-06-02 17:00:58,873 - INFO - 生成字典可视化图表...
2025-06-02 17:00:59,659 - INFO - 字典可视化图保存到: correlation_dictionaries\dictionary_visualization.png
